Detecting C [-std=c11] compiler features failed to compile with the following output:
Change Dir: /home/srinidhi/GitHub/My Repos/ENPM808X: Software Development for Robotics/Week 2/SoftwareEngineering_3_10/build/CMakeFiles/CMakeTmp

Run Build Command:"/usr/bin/make" "cmTC_702de/fast"
/usr/bin/make -f CMakeFiles/cmTC_702de.dir/build.make CMakeFiles/cmTC_702de.dir/build
make[1]: Entering directory '/home/srinidhi/GitHub/My Repos/ENPM808X: Software Development for Robotics/Week 2/SoftwareEngineering_3_10/build/CMakeFiles/CMakeTmp'
CMakeFiles/cmTC_702de.dir/build.make:64: *** target pattern contains no '%'.  Stop.
make[1]: Leaving directory '/home/srinidhi/GitHub/My Repos/ENPM808X: Software Development for Robotics/Week 2/SoftwareEngineering_3_10/build/CMakeFiles/CMakeTmp'
Makefile:126: recipe for target 'cmTC_702de/fast' failed
make: *** [cmTC_702de/fast] Error 2



Detecting CXX [-std=c++14] compiler features failed to compile with the following output:
Change Dir: /home/srinidhi/GitHub/My Repos/ENPM808X: Software Development for Robotics/Week 2/SoftwareEngineering_3_10/build/CMakeFiles/CMakeTmp

Run Build Command:"/usr/bin/make" "cmTC_5d5e4/fast"
/usr/bin/make -f CMakeFiles/cmTC_5d5e4.dir/build.make CMakeFiles/cmTC_5d5e4.dir/build
make[1]: Entering directory '/home/srinidhi/GitHub/My Repos/ENPM808X: Software Development for Robotics/Week 2/SoftwareEngineering_3_10/build/CMakeFiles/CMakeTmp'
CMakeFiles/cmTC_5d5e4.dir/build.make:64: *** target pattern contains no '%'.  Stop.
make[1]: Leaving directory '/home/srinidhi/GitHub/My Repos/ENPM808X: Software Development for Robotics/Week 2/SoftwareEngineering_3_10/build/CMakeFiles/CMakeTmp'
Makefile:126: recipe for target 'cmTC_5d5e4/fast' failed
make: *** [cmTC_5d5e4/fast] Error 2



