Detecting C [-std=c11] compiler features failed to compile with the following output:
Change Dir: /home/srinidhi/GitHub/My Repos/ENPM808X: Software Development for Robotics/Week 2/Accelerated_C++_4_7/build/CMakeFiles/CMakeTmp

Run Build Command:"/usr/bin/make" "cmTC_c9349/fast"
/usr/bin/make -f CMakeFiles/cmTC_c9349.dir/build.make CMakeFiles/cmTC_c9349.dir/build
make[1]: Entering directory '/home/srinidhi/GitHub/My Repos/ENPM808X: Software Development for Robotics/Week 2/Accelerated_C++_4_7/build/CMakeFiles/CMakeTmp'
CMakeFiles/cmTC_c9349.dir/build.make:64: *** target pattern contains no '%'.  Stop.
make[1]: Leaving directory '/home/srinidhi/GitHub/My Repos/ENPM808X: Software Development for Robotics/Week 2/Accelerated_C++_4_7/build/CMakeFiles/CMakeTmp'
Makefile:126: recipe for target 'cmTC_c9349/fast' failed
make: *** [cmTC_c9349/fast] Error 2



Detecting CXX [-std=c++14] compiler features failed to compile with the following output:
Change Dir: /home/srinidhi/GitHub/My Repos/ENPM808X: Software Development for Robotics/Week 2/Accelerated_C++_4_7/build/CMakeFiles/CMakeTmp

Run Build Command:"/usr/bin/make" "cmTC_b7fcf/fast"
/usr/bin/make -f CMakeFiles/cmTC_b7fcf.dir/build.make CMakeFiles/cmTC_b7fcf.dir/build
make[1]: Entering directory '/home/srinidhi/GitHub/My Repos/ENPM808X: Software Development for Robotics/Week 2/Accelerated_C++_4_7/build/CMakeFiles/CMakeTmp'
CMakeFiles/cmTC_b7fcf.dir/build.make:64: *** target pattern contains no '%'.  Stop.
make[1]: Leaving directory '/home/srinidhi/GitHub/My Repos/ENPM808X: Software Development for Robotics/Week 2/Accelerated_C++_4_7/build/CMakeFiles/CMakeTmp'
Makefile:126: recipe for target 'cmTC_b7fcf/fast' failed
make: *** [cmTC_b7fcf/fast] Error 2



