Detecting C [-std=c11] compiler features failed to compile with the following output:
Change Dir: /home/srinidhi/GitHub/My Repos/ENPM808X: Software Development for Robotics/Week 2/Accelerated_C++_3_5/build/CMakeFiles/CMakeTmp

Run Build Command:"/usr/bin/make" "cmTC_01aae/fast"
/usr/bin/make -f CMakeFiles/cmTC_01aae.dir/build.make CMakeFiles/cmTC_01aae.dir/build
make[1]: Entering directory '/home/srinidhi/GitHub/My Repos/ENPM808X: Software Development for Robotics/Week 2/Accelerated_C++_3_5/build/CMakeFiles/CMakeTmp'
CMakeFiles/cmTC_01aae.dir/build.make:64: *** target pattern contains no '%'.  Stop.
make[1]: Leaving directory '/home/srinidhi/GitHub/My Repos/ENPM808X: Software Development for Robotics/Week 2/Accelerated_C++_3_5/build/CMakeFiles/CMakeTmp'
Makefile:126: recipe for target 'cmTC_01aae/fast' failed
make: *** [cmTC_01aae/fast] Error 2



Detecting CXX [-std=c++14] compiler features failed to compile with the following output:
Change Dir: /home/srinidhi/GitHub/My Repos/ENPM808X: Software Development for Robotics/Week 2/Accelerated_C++_3_5/build/CMakeFiles/CMakeTmp

Run Build Command:"/usr/bin/make" "cmTC_da3a7/fast"
/usr/bin/make -f CMakeFiles/cmTC_da3a7.dir/build.make CMakeFiles/cmTC_da3a7.dir/build
make[1]: Entering directory '/home/srinidhi/GitHub/My Repos/ENPM808X: Software Development for Robotics/Week 2/Accelerated_C++_3_5/build/CMakeFiles/CMakeTmp'
CMakeFiles/cmTC_da3a7.dir/build.make:64: *** target pattern contains no '%'.  Stop.
make[1]: Leaving directory '/home/srinidhi/GitHub/My Repos/ENPM808X: Software Development for Robotics/Week 2/Accelerated_C++_3_5/build/CMakeFiles/CMakeTmp'
Makefile:126: recipe for target 'cmTC_da3a7/fast' failed
make: *** [cmTC_da3a7/fast] Error 2



