Detecting C [-std=c11] compiler features failed to compile with the following output:
Change Dir: /home/srinidhi/GitHub/My Repos/ENPM808X: Software Development for Robotics/Week 2/Accelerated_C++_6_9/build/CMakeFiles/CMakeTmp

Run Build Command:"/usr/bin/make" "cmTC_70a38/fast"
/usr/bin/make -f CMakeFiles/cmTC_70a38.dir/build.make CMakeFiles/cmTC_70a38.dir/build
make[1]: Entering directory '/home/srinidhi/GitHub/My Repos/ENPM808X: Software Development for Robotics/Week 2/Accelerated_C++_6_9/build/CMakeFiles/CMakeTmp'
CMakeFiles/cmTC_70a38.dir/build.make:64: *** target pattern contains no '%'.  Stop.
make[1]: Leaving directory '/home/srinidhi/GitHub/My Repos/ENPM808X: Software Development for Robotics/Week 2/Accelerated_C++_6_9/build/CMakeFiles/CMakeTmp'
Makefile:126: recipe for target 'cmTC_70a38/fast' failed
make: *** [cmTC_70a38/fast] Error 2



Detecting CXX [-std=c++14] compiler features failed to compile with the following output:
Change Dir: /home/srinidhi/GitHub/My Repos/ENPM808X: Software Development for Robotics/Week 2/Accelerated_C++_6_9/build/CMakeFiles/CMakeTmp

Run Build Command:"/usr/bin/make" "cmTC_e7e01/fast"
/usr/bin/make -f CMakeFiles/cmTC_e7e01.dir/build.make CMakeFiles/cmTC_e7e01.dir/build
make[1]: Entering directory '/home/srinidhi/GitHub/My Repos/ENPM808X: Software Development for Robotics/Week 2/Accelerated_C++_6_9/build/CMakeFiles/CMakeTmp'
CMakeFiles/cmTC_e7e01.dir/build.make:64: *** target pattern contains no '%'.  Stop.
make[1]: Leaving directory '/home/srinidhi/GitHub/My Repos/ENPM808X: Software Development for Robotics/Week 2/Accelerated_C++_6_9/build/CMakeFiles/CMakeTmp'
Makefile:126: recipe for target 'cmTC_e7e01/fast' failed
make: *** [cmTC_e7e01/fast] Error 2



